<?xml version="1.0" encoding="utf-8"?><testsuites name="pytest tests"><testsuite name="pytest" errors="0" failures="0" skipped="0" tests="77" time="69.593" timestamp="2025-12-12T12:53:31.302259-03:00" hostname="luderibeiro-win"><testcase classname="project.cart.tests.integration.test_cart_endpoints" name="test_anonymous_flow_add_item_persists" time="0.558" /><testcase classname="project.cart.tests.integration.test_cart_endpoints" name="test_add_item_negative_quantity_returns_400" time="0.020" /><testcase classname="project.cart.tests.integration.test_cart_endpoints" name="test_add_item_nonexistent_product_returns_404" time="0.016" /><testcase classname="project.cart.tests.integration.test_cart_endpoints" name="test_remove_nonexistent_item_is_idempotent" time="0.019" /><testcase classname="project.cart.tests.integration.test_cart_endpoints" name="test_cart_total_calculation_matches_expected" time="0.060" /><testcase classname="project.cart.tests.unit.test_cart_service" name="test_get_or_create_cart_requires_params" time="0.005" /><testcase classname="project.cart.tests.unit.test_cart_service" name="test_add_item_negative_quantity_raises" time="0.007" /><testcase classname="project.cart.tests.unit.test_cart_service" name="test_add_item_insufficient_stock_raises" time="0.007" /><testcase classname="project.cart.tests.unit.test_cart_service" name="test_add_item_creates_and_updates_snapshot_and_quantity" time="0.020" /><testcase classname="project.cart.tests.unit.test_cart_service" name="test_add_item_product_not_found_propagates" time="0.013" /><testcase classname="project.cart.tests.unit.test_cart_service" name="test_remove_item_partial_and_full" time="0.022" /><testcase classname="project.cart.tests.unit.test_cart_service" name="test_remove_nonexistent_item_is_noop" time="0.009" /><testcase classname="project.cart.tests.unit.test_cart_service" name="test_calculate_cart_total" time="0.009" /><testcase classname="project.cart.tests.unit.test_cart_service" name="test_cart_total_items_and_total_value_and_str" time="0.009" /><testcase classname="project.cart.tests.unit.test_repositories" name="test_cart_repository_impl_basic_create_and_get" time="0.006" /><testcase classname="project.cart.tests.unit.test_repositories" name="test_cart_repository_impl_add_and_remove_item" time="0.016" /><testcase classname="project.core.tests.integration.test_auth_api.AuthAPITest" name="test_login_failure_invalid_credentials" time="1.824" /><testcase classname="project.core.tests.integration.test_auth_api.AuthAPITest" name="test_login_failure_missing_fields" time="1.070" /><testcase classname="project.core.tests.integration.test_auth_api.AuthAPITest" name="test_login_failure_user_not_found" time="1.099" /><testcase classname="project.core.tests.integration.test_auth_api.AuthAPITest" name="test_login_success" time="1.605" /><testcase classname="project.core.tests.integration.test_user_api.UserAPITest" name="test_alter_password_as_admin_failure_incorrect_old_password" time="3.166" /><testcase classname="project.core.tests.integration.test_user_api.UserAPITest" name="test_alter_password_as_admin_success" time="4.003" /><testcase classname="project.core.tests.integration.test_user_api.UserAPITest" name="test_alter_password_unauthenticated_failure" time="2.552" /><testcase classname="project.core.tests.integration.test_user_api.UserAPITest" name="test_create_user_failure_duplicate_email" time="2.352" /><testcase classname="project.core.tests.integration.test_user_api.UserAPITest" name="test_create_user_success" time="2.481" /><testcase classname="project.core.tests.integration.test_user_api.UserAPITest" name="test_list_users_as_admin_success" time="2.391" /><testcase classname="project.core.tests.integration.test_user_api.UserAPITest" name="test_list_users_as_admin_with_pagination_and_filter" time="4.069" /><testcase classname="project.core.tests.integration.test_user_api.UserAPITest" name="test_list_users_unauthenticated_failure" time="2.426" /><testcase classname="project.core.tests.integration.test_user_api.UserAPITest" name="test_retrieve_user_as_admin_not_found" time="2.238" /><testcase classname="project.core.tests.integration.test_user_api.UserAPITest" name="test_retrieve_user_as_admin_success" time="5.771" /><testcase classname="project.core.tests.integration.test_user_api.UserAPITest" name="test_retrieve_user_unauthenticated_failure" time="2.362" /><testcase classname="project.core.tests.unit.test_auth_gateway_impl" name="test_check_password_success" time="0.735" /><testcase classname="project.core.tests.unit.test_auth_gateway_impl" name="test_check_password_failure_wrong_password" time="0.621" /><testcase classname="project.core.tests.unit.test_auth_gateway_impl" name="test_check_password_failure_user_not_found" time="0.586" /><testcase classname="project.core.tests.unit.test_auth_gateway_impl" name="test_create_tokens_success_existing_application" time="0.584" /><testcase classname="project.core.tests.unit.test_auth_gateway_impl" name="test_create_tokens_success_new_application" time="0.580" /><testcase classname="project.core.tests.unit.test_auth_gateway_impl" name="test_create_tokens_user_not_found" time="0.600" /><testcase classname="project.core.tests.unit.test_auth_gateway_impl" name="test_set_password_success" time="0.577" /><testcase classname="project.core.tests.unit.test_auth_gateway_impl" name="test_set_password_user_not_found" time="0.615" /><testcase classname="project.core.tests.unit.test_generic_use_cases" name="test_create_entity_use_case_success" time="0.662" /><testcase classname="project.core.tests.unit.test_generic_use_cases" name="test_list_entities_use_case_success" time="0.702" /><testcase classname="project.core.tests.unit.test_generic_use_cases" name="test_list_entities_use_case_empty" time="0.569" /><testcase classname="project.core.tests.unit.test_generic_use_cases" name="test_get_entity_by_id_use_case_success" time="0.645" /><testcase classname="project.core.tests.unit.test_generic_use_cases" name="test_get_entity_by_id_use_case_not_found" time="0.555" /><testcase classname="project.core.tests.unit.test_generic_use_cases" name="test_update_entity_use_case_success" time="0.524" /><testcase classname="project.core.tests.unit.test_generic_use_cases" name="test_update_entity_use_case_not_found" time="0.679" /><testcase classname="project.core.tests.unit.test_generic_use_cases" name="test_delete_entity_use_case_success" time="0.749" /><testcase classname="project.core.tests.unit.test_generic_use_cases" name="test_delete_entity_use_case_not_found" time="0.584" /><testcase classname="project.core.tests.unit.test_middleware.TestCustomExceptionMiddleware" name="test_validation_error_handling" time="0.616" /><testcase classname="project.core.tests.unit.test_middleware.TestCustomExceptionMiddleware" name="test_not_found_error_handling" time="0.574" /><testcase classname="project.core.tests.unit.test_middleware.TestCustomExceptionMiddleware" name="test_permission_denied_error_handling" time="0.602" /><testcase classname="project.core.tests.unit.test_middleware.TestCustomExceptionMiddleware" name="test_generic_exception_handling" time="0.571" /><testcase classname="project.core.tests.unit.test_middleware.TestCustomExceptionMiddleware" name="test_exception_with_custom_detail" time="0.625" /><testcase classname="project.core.tests.unit.test_urls.TestURLResolution" name="test_admin_url_resolution" time="0.604" /><testcase classname="project.core.tests.unit.test_urls.TestURLResolution" name="test_api_docs_url_resolution" time="0.598" /><testcase classname="project.core.tests.unit.test_urls.TestURLResolution" name="test_api_redoc_url_resolution" time="0.594" /><testcase classname="project.core.tests.unit.test_urls.TestURLResolution" name="test_api_schema_url_resolution" time="0.568" /><testcase classname="project.core.tests.unit.test_urls.TestURLResolution" name="test_core_api_urls_included" time="0.610" /><testcase classname="project.core.tests.unit.test_urls.TestURLResolution" name="test_oauth2_urls_resolution" time="0.630" /><testcase classname="project.core.tests.unit.test_urls.TestURLResolution" name="test_static_files_urls_in_debug" time="0.593" /><testcase classname="project.core.tests.unit.test_user_entity" name="test_user_creation" time="0.547" /><testcase classname="project.core.tests.unit.test_user_entity" name="test_user_is_admin" time="0.586" /><testcase classname="project.core.tests.unit.test_user_entity" name="test_user_default_values" time="0.618" /><testcase classname="project.core.tests.unit.test_user_entity" name="test_user_equality" time="0.639" /><testcase classname="project.core.tests.unit.test_user_entity" name="test_user_str_representation" time="0.579" /><testcase classname="project.core.tests.unit.test_user_use_cases" name="test_create_user_use_case_success" time="0.627" /><testcase classname="project.core.tests.unit.test_user_use_cases" name="test_login_user_use_case_success" time="0.600" /><testcase classname="project.core.tests.unit.test_user_use_cases" name="test_login_user_use_case_user_not_found" time="0.618" /><testcase classname="project.core.tests.unit.test_user_use_cases" name="test_login_user_use_case_invalid_password" time="0.566" /><testcase classname="project.core.tests.unit.test_user_use_cases" name="test_change_user_password_use_case_success" time="0.580" /><testcase classname="project.core.tests.unit.test_user_use_cases" name="test_change_user_password_use_case_incorrect_old_password" time="0.567" /><testcase classname="project.core.tests.unit.test_user_use_cases" name="test_change_user_password_use_case_user_not_found" time="0.607" /><testcase classname="project.core.tests.unit.test_user_use_cases" name="test_list_users_use_case_success" time="0.577" /><testcase classname="project.core.tests.unit.test_user_use_cases" name="test_list_users_use_case_with_pagination_and_filter" time="0.582" /><testcase classname="project.core.tests.unit.test_user_use_cases" name="test_get_user_by_id_use_case_success" time="0.612" /><testcase classname="project.core.tests.unit.test_user_use_cases" name="test_get_user_by_id_use_case_not_found" time="0.633" /><testcase classname="project.cart.tests.unit.test_domain_coverage" name="test_domain_modules_import_and_symbols" time="0.045" /></testsuite></testsuites>